<?xml version="1.0" encoding="UTF-8" standalone="no"?>
<!DOCTYPE log SYSTEM "logger.dtd">
<log>
<record>
  <date>2019-08-16T14:10:33</date>
  <millis>1565953833903</millis>
  <sequence>0</sequence>
  <level>START</level>
  <class>com.kms.katalon.core.logging.XmlKeywordLogger</class>
  <method>startSuite</method>
  <thread>1</thread>
  <message>Start Test Suite : Test Suites/Sanity Check - 12.1.3 - 8483</message>
  <nestedLevel>0</nestedLevel>
  <property name="name">Sanity Check - 12.1.3 - 8483</property>
  <property name="description">Build Nido Patch 3- 8483</property>
  <property name="id">Test Suites/Sanity Check - 12.1.3 - 8483</property>
</record>
<record>
  <date>2019-08-16T14:10:33</date>
  <millis>1565953833914</millis>
  <sequence>1</sequence>
  <level>RUN_DATA</level>
  <class>com.kms.katalon.core.logging.XmlKeywordLogger</class>
  <method>logMessage</method>
  <thread>1</thread>
  <message>hostName = bogdan.eremia - ROECR-L013.roecr.ecrion.com</message>
  <nestedLevel>0</nestedLevel>
  <property name="hostName">bogdan.eremia - ROECR-L013.roecr.ecrion.com</property>
</record>
<record>
  <date>2019-08-16T14:10:33</date>
  <millis>1565953833915</millis>
  <sequence>2</sequence>
  <level>RUN_DATA</level>
  <class>com.kms.katalon.core.logging.XmlKeywordLogger</class>
  <method>logMessage</method>
  <thread>1</thread>
  <message>os = Windows 10 64bit</message>
  <nestedLevel>0</nestedLevel>
  <property name="os">Windows 10 64bit</property>
</record>
<record>
  <date>2019-08-16T14:10:33</date>
  <millis>1565953833915</millis>
  <sequence>3</sequence>
  <level>RUN_DATA</level>
  <class>com.kms.katalon.core.logging.XmlKeywordLogger</class>
  <method>logMessage</method>
  <thread>1</thread>
  <message>hostAddress = 192.168.192.57</message>
  <nestedLevel>0</nestedLevel>
  <property name="hostAddress">192.168.192.57</property>
</record>
<record>
  <date>2019-08-16T14:10:33</date>
  <millis>1565953833915</millis>
  <sequence>4</sequence>
  <level>RUN_DATA</level>
  <class>com.kms.katalon.core.logging.XmlKeywordLogger</class>
  <method>logMessage</method>
  <thread>1</thread>
  <message>katalonVersion = 6.3.0.1</message>
  <nestedLevel>0</nestedLevel>
  <property name="katalonVersion">6.3.0.1</property>
</record>
<record>
  <date>2019-08-16T14:10:34</date>
  <millis>1565953834083</millis>
  <sequence>5</sequence>
  <level>START</level>
  <class>com.kms.katalon.core.logging.XmlKeywordLogger</class>
  <method>startTest</method>
  <thread>1</thread>
  <message>Start Test Case : Test Cases/TESTCASE COLLECTIONS/Sysadmin - Testcases</message>
  <nestedLevel>1</nestedLevel>
  <property name="name">Test Cases/TESTCASE COLLECTIONS/Sysadmin - Testcases</property>
  <property name="description"></property>
  <property name="id">Test Cases/TESTCASE COLLECTIONS/Sysadmin - Testcases</property>
  <property name="source">C:\\Katalon Projects\\Nido_Patch3\\Test Cases\\TESTCASE COLLECTIONS\\Sysadmin - Testcases.tc</property>
  <property name="tag"></property>
  <property name="isOptional">false</property>
</record>
<record>
  <date>2019-08-16T14:10:34</date>
  <millis>1565953834313</millis>
  <sequence>7</sequence>
  <level>START</level>
  <class>com.kms.katalon.core.logging.XmlKeywordLogger</class>
  <method>startKeyword</method>
  <thread>1</thread>
  <message>Start action : callTestCase(findTestCase(\&amp;quot;Sysadmin Portal/Create Multiple Environments\&amp;quot;), [\&amp;quot;Develop_env\&amp;quot;:findTestData(\&amp;quot;Environment Names\&amp;quot;).getValue(1, 1), \&amp;quot;Username\&amp;quot;:Username_Admin, \&amp;quot;Experience_Env\&amp;quot;:findTestData(\&amp;quot;Environment Names\&amp;quot;).getValue(1, 2), ... ], CONTINUE_ON_FAILURE)</message>
  <nestedLevel>1</nestedLevel>
  <property name="startLine">23</property>
  <property name="stepIndex">1</property>
</record>
<record>
  <date>2019-08-16T14:10:34</date>
  <millis>1565953834798</millis>
  <sequence>19</sequence>
  <level>START</level>
  <class>com.kms.katalon.core.logging.XmlKeywordLogger</class>
  <method>startTest</method>
  <thread>1</thread>
  <message>Start Test Case : Test Cases/Sysadmin Portal/Create Multiple Environments</message>
  <nestedLevel>2</nestedLevel>
  <property name="name">Test Cases/Sysadmin Portal/Create Multiple Environments</property>
  <property name="description"></property>
  <property name="id">Test Cases/Sysadmin Portal/Create Multiple Environments</property>
  <property name="source">C:\\Katalon Projects\\Nido_Patch3\\Test Cases\\Sysadmin Portal\\Create Multiple Environments.tc</property>
  <property name="tag"></property>
  <property name="isOptional">false</property>
</record>
<record>
  <date>2019-08-16T14:10:34</date>
  <millis>1565953834804</millis>
  <sequence>21</sequence>
  <level>INFO</level>
  <class>com.kms.katalon.core.logging.XmlKeywordLogger</class>
  <method>logMessage</method>
  <thread>1</thread>
  <message>Develop_env = 1_Develop_Env</message>
  <nestedLevel>2</nestedLevel>
</record>
<record>
  <date>2019-08-16T14:10:34</date>
  <millis>1565953834804</millis>
  <sequence>22</sequence>
  <level>INFO</level>
  <class>com.kms.katalon.core.logging.XmlKeywordLogger</class>
  <method>logMessage</method>
  <thread>1</thread>
  <message>Experience_Env = 2_Experience_Env</message>
  <nestedLevel>2</nestedLevel>
</record>
<record>
  <date>2019-08-16T14:10:34</date>
  <millis>1565953834804</millis>
  <sequence>23</sequence>
  <level>INFO</level>
  <class>com.kms.katalon.core.logging.XmlKeywordLogger</class>
  <method>logMessage</method>
  <thread>1</thread>
  <message>Custom_Env = 3_Custom_Env</message>
  <nestedLevel>2</nestedLevel>
</record>
<record>
  <date>2019-08-16T14:10:34</date>
  <millis>1565953834924</millis>
  <sequence>24</sequence>
  <level>START</level>
  <class>com.kms.katalon.core.logging.XmlKeywordLogger</class>
  <method>startKeyword</method>
  <thread>1</thread>
  <message>Start action : callTestCase(findTestCase(\&amp;quot;Sysadmin Login Page/login_Sysadmin\&amp;quot;), [:], STOP_ON_FAILURE)</message>
  <nestedLevel>1</nestedLevel>
  <property name="startLine">23</property>
  <property name="stepIndex">1</property>
</record>
<record>
  <date>2019-08-16T14:10:34</date>
  <millis>1565953834984</millis>
  <sequence>27</sequence>
  <level>START</level>
  <class>com.kms.katalon.core.logging.XmlKeywordLogger</class>
  <method>startTest</method>
  <thread>1</thread>
  <message>Start Test Case : Test Cases/Sysadmin Login Page/login_Sysadmin</message>
  <nestedLevel>3</nestedLevel>
  <property name="name">Test Cases/Sysadmin Login Page/login_Sysadmin</property>
  <property name="description"></property>
  <property name="id">Test Cases/Sysadmin Login Page/login_Sysadmin</property>
  <property name="source">C:\\Katalon Projects\\Nido_Patch3\\Test Cases\\Sysadmin Login Page\\login_Sysadmin.tc</property>
  <property name="tag"></property>
  <property name="isOptional">false</property>
</record>
<record>
  <date>2019-08-16T14:10:35</date>
  <millis>1565953835123</millis>
  <sequence>29</sequence>
  <level>START</level>
  <class>com.kms.katalon.core.logging.XmlKeywordLogger</class>
  <method>startKeyword</method>
  <thread>1</thread>
  <message>Start action : openBrowser(url_sysadmin, CONTINUE_ON_FAILURE)</message>
  <nestedLevel>1</nestedLevel>
  <property name="startLine">22</property>
  <property name="stepIndex">1</property>
</record>
<record>
  <date>2019-08-16T14:10:35</date>
  <millis>1565953835247</millis>
  <sequence>31</sequence>
  <level>INFO</level>
  <class>com.kms.katalon.core.logging.XmlKeywordLogger</class>
  <method>logMessage</method>
  <thread>1</thread>
  <message>Starting &amp;apos;Chrome&amp;apos; driver</message>
  <nestedLevel>3</nestedLevel>
</record>
<record>
  <date>2019-08-16T14:10:35</date>
  <millis>1565953835272</millis>
  <sequence>33</sequence>
  <level>INFO</level>
  <class>com.kms.katalon.core.logging.XmlKeywordLogger</class>
  <method>logMessage</method>
  <thread>1</thread>
  <message>Action delay is set to 0 seconds</message>
  <nestedLevel>3</nestedLevel>
</record>
<record>
  <date>2019-08-16T14:10:37</date>
  <millis>1565953837851</millis>
  <sequence>35</sequence>
  <level>RUN_DATA</level>
  <class>com.kms.katalon.core.logging.XmlKeywordLogger</class>
  <method>logMessage</method>
  <thread>1</thread>
  <message>sessionId = dfb12dd7d1bf99c7f4e66031389c8ac8</message>
  <nestedLevel>3</nestedLevel>
  <property name="sessionId">dfb12dd7d1bf99c7f4e66031389c8ac8</property>
</record>
<record>
  <date>2019-08-16T14:10:37</date>
  <millis>1565953837869</millis>
  <sequence>36</sequence>
  <level>RUN_DATA</level>
  <class>com.kms.katalon.core.logging.XmlKeywordLogger</class>
  <method>logMessage</method>
  <thread>1</thread>
  <message>browser = Chrome 76.0.3809.100</message>
  <nestedLevel>3</nestedLevel>
  <property name="browser">Chrome 76.0.3809.100</property>
</record>
<record>
  <date>2019-08-16T14:10:37</date>
  <millis>1565953837869</millis>
  <sequence>37</sequence>
  <level>RUN_DATA</level>
  <class>com.kms.katalon.core.logging.XmlKeywordLogger</class>
  <method>logMessage</method>
  <thread>1</thread>
  <message>platform = Windows 10</message>
  <nestedLevel>3</nestedLevel>
  <property name="platform">Windows 10</property>
</record>
<record>
  <date>2019-08-16T14:10:37</date>
  <millis>1565953837870</millis>
  <sequence>38</sequence>
  <level>RUN_DATA</level>
  <class>com.kms.katalon.core.logging.XmlKeywordLogger</class>
  <method>logMessage</method>
  <thread>1</thread>
  <message>seleniumVersion = 3.141.59</message>
  <nestedLevel>3</nestedLevel>
  <property name="seleniumVersion">3.141.59</property>
</record>
<record>
  <date>2019-08-16T14:10:37</date>
  <millis>1565953837870</millis>
  <sequence>39</sequence>
  <level>RUN_DATA</level>
  <class>com.kms.katalon.core.logging.XmlKeywordLogger</class>
  <method>logMessage</method>
  <thread>1</thread>
  <message>proxyInformation = ProxyInformation{proxyOption=NO_PROXY, proxyServerType=HTTP, password=, proxyServerAddress=, proxyServerPort=0}</message>
  <nestedLevel>3</nestedLevel>
  <property name="proxyInformation">ProxyInformation{proxyOption=NO_PROXY, proxyServerType=HTTP, password=, proxyServerAddress=, proxyServerPort=0}</property>
</record>
<record>
  <date>2019-08-16T14:10:37</date>
  <millis>1565953837969</millis>
  <sequence>41</sequence>
  <level>PASSED</level>
  <class>com.kms.katalon.core.logging.XmlKeywordLogger</class>
  <method>logMessage</method>
  <thread>1</thread>
  <message>Browser is opened with url: &amp;apos;http://192.168.1.97:8095/&amp;apos;</message>
  <nestedLevel>3</nestedLevel>
</record>
<record>
  <date>2019-08-16T14:10:37</date>
  <millis>1565953837970</millis>
  <sequence>42</sequence>
  <level>END</level>
  <class>com.kms.katalon.core.logging.XmlKeywordLogger</class>
  <method>endKeyword</method>
  <thread>1</thread>
  <message>End action : openBrowser(url_sysadmin, CONTINUE_ON_FAILURE)</message>
  <nestedLevel>1</nestedLevel>
</record>
<record>
  <date>2019-08-16T14:10:37</date>
  <millis>1565953837971</millis>
  <sequence>43</sequence>
  <level>START</level>
  <class>com.kms.katalon.core.logging.XmlKeywordLogger</class>
  <method>startKeyword</method>
  <thread>1</thread>
  <message>Start action : maximizeWindow(CONTINUE_ON_FAILURE)</message>
  <nestedLevel>1</nestedLevel>
  <property name="startLine">24</property>
  <property name="stepIndex">2</property>
</record>
<record>
  <date>2019-08-16T14:10:39</date>
  <millis>1565953839148</millis>
  <sequence>45</sequence>
  <level>PASSED</level>
  <class>com.kms.katalon.core.logging.XmlKeywordLogger</class>
  <method>logMessage</method>
  <thread>1</thread>
  <message>Current window maximized</message>
  <nestedLevel>3</nestedLevel>
</record>
<record>
  <date>2019-08-16T14:10:39</date>
  <millis>1565953839148</millis>
  <sequence>46</sequence>
  <level>END</level>
  <class>com.kms.katalon.core.logging.XmlKeywordLogger</class>
  <method>endKeyword</method>
  <thread>1</thread>
  <message>End action : maximizeWindow(CONTINUE_ON_FAILURE)</message>
  <nestedLevel>1</nestedLevel>
</record>
<record>
  <date>2019-08-16T14:10:39</date>
  <millis>1565953839148</millis>
  <sequence>47</sequence>
  <level>START</level>
  <class>com.kms.katalon.core.logging.XmlKeywordLogger</class>
  <method>startKeyword</method>
  <thread>1</thread>
  <message>Start action : setText(findTestObject(\&amp;quot;Sysadmin Login Page/input_userName\&amp;quot;), \&amp;quot;sysadmin\&amp;quot;, CONTINUE_ON_FAILURE)</message>
  <nestedLevel>1</nestedLevel>
  <property name="startLine">26</property>
  <property name="stepIndex">3</property>
</record>
