<?xml version="1.0" encoding="UTF-8" standalone="no"?>
<!DOCTYPE log SYSTEM "logger.dtd">
<log>
<record>
  <date>2019-07-09T12:11:46</date>
  <millis>1562663506291</millis>
  <sequence>0</sequence>
  <level>START</level>
  <class>com.kms.katalon.core.logging.XmlKeywordLogger</class>
  <method>startSuite</method>
  <thread>1</thread>
  <message>Start Test Suite : Test Suites/Sanity1</message>
  <nestedLevel>0</nestedLevel>
  <property name="name">Sanity1</property>
  <property name="description"></property>
  <property name="id">Test Suites/Sanity1</property>
</record>
<record>
  <date>2019-07-09T12:11:46</date>
  <millis>1562663506302</millis>
  <sequence>1</sequence>
  <level>RUN_DATA</level>
  <class>com.kms.katalon.core.logging.XmlKeywordLogger</class>
  <method>logMessage</method>
  <thread>1</thread>
  <message>hostName = bogdan.eremia - ROECR-L013.roecr.ecrion.com</message>
  <nestedLevel>0</nestedLevel>
  <property name="hostName">bogdan.eremia - ROECR-L013.roecr.ecrion.com</property>
</record>
<record>
  <date>2019-07-09T12:11:46</date>
  <millis>1562663506303</millis>
  <sequence>2</sequence>
  <level>RUN_DATA</level>
  <class>com.kms.katalon.core.logging.XmlKeywordLogger</class>
  <method>logMessage</method>
  <thread>1</thread>
  <message>os = Windows 10 64bit</message>
  <nestedLevel>0</nestedLevel>
  <property name="os">Windows 10 64bit</property>
</record>
<record>
  <date>2019-07-09T12:11:46</date>
  <millis>1562663506303</millis>
  <sequence>3</sequence>
  <level>RUN_DATA</level>
  <class>com.kms.katalon.core.logging.XmlKeywordLogger</class>
  <method>logMessage</method>
  <thread>1</thread>
  <message>hostAddress = 192.168.1.250</message>
  <nestedLevel>0</nestedLevel>
  <property name="hostAddress">192.168.1.250</property>
</record>
<record>
  <date>2019-07-09T12:11:46</date>
  <millis>1562663506304</millis>
  <sequence>4</sequence>
  <level>RUN_DATA</level>
  <class>com.kms.katalon.core.logging.XmlKeywordLogger</class>
  <method>logMessage</method>
  <thread>1</thread>
  <message>katalonVersion = 6.2.1.2</message>
  <nestedLevel>0</nestedLevel>
  <property name="katalonVersion">6.2.1.2</property>
</record>
<record>
  <date>2019-07-09T12:11:46</date>
  <millis>1562663506443</millis>
  <sequence>5</sequence>
  <level>START</level>
  <class>com.kms.katalon.core.logging.XmlKeywordLogger</class>
  <method>startTest</method>
  <thread>1</thread>
  <message>Start Test Case : Test Cases/TESTCASE COLLECTIONS/All_Sysadmin_Testcases</message>
  <nestedLevel>1</nestedLevel>
  <property name="name">Test Cases/TESTCASE COLLECTIONS/All_Sysadmin_Testcases</property>
  <property name="description"></property>
  <property name="id">Test Cases/TESTCASE COLLECTIONS/All_Sysadmin_Testcases</property>
  <property name="source">C:\\Katalon Projects\\Nido_Patch3\\Test Cases\\TESTCASE COLLECTIONS\\All_Sysadmin_Testcases.tc</property>
  <property name="tag"></property>
  <property name="isOptional">false</property>
</record>
<record>
  <date>2019-07-09T12:11:46</date>
  <millis>1562663506567</millis>
  <sequence>7</sequence>
  <level>START</level>
  <class>com.kms.katalon.core.logging.XmlKeywordLogger</class>
  <method>startKeyword</method>
  <thread>1</thread>
  <message>Start action : callTestCase(findTestCase(\&amp;quot;Main Login Page/Create Multiple Environments and Login\&amp;quot;), [\&amp;quot;Develop_env\&amp;quot;:findTestData(\&amp;quot;Environment Names\&amp;quot;).getValue(1, 1), \&amp;quot;Username\&amp;quot;:Username_Admin, \&amp;quot;Experience_Env\&amp;quot;:findTestData(\&amp;quot;Environment Names\&amp;quot;).getValue(1, 2), ... ], STOP_ON_FAILURE)</message>
  <nestedLevel>1</nestedLevel>
  <property name="startLine">23</property>
  <property name="stepIndex">1</property>
</record>
<record>
  <date>2019-07-09T12:11:46</date>
  <millis>1562663506931</millis>
  <sequence>19</sequence>
  <level>START</level>
  <class>com.kms.katalon.core.logging.XmlKeywordLogger</class>
  <method>startTest</method>
  <thread>1</thread>
  <message>Start Test Case : Test Cases/Main Login Page/Create Multiple Environments and Login</message>
  <nestedLevel>2</nestedLevel>
  <property name="name">Test Cases/Main Login Page/Create Multiple Environments and Login</property>
  <property name="description"></property>
  <property name="id">Test Cases/Main Login Page/Create Multiple Environments and Login</property>
  <property name="source">C:\\Katalon Projects\\Nido_Patch3\\Test Cases\\Main Login Page\\Create Multiple Environments and Login.tc</property>
  <property name="tag"></property>
  <property name="isOptional">false</property>
</record>
<record>
  <date>2019-07-09T12:11:46</date>
  <millis>1562663506951</millis>
  <sequence>21</sequence>
  <level>INFO</level>
  <class>com.kms.katalon.core.logging.XmlKeywordLogger</class>
  <method>logMessage</method>
  <thread>1</thread>
  <message>Develop_env = 1_Develop_Env</message>
  <nestedLevel>2</nestedLevel>
</record>
<record>
  <date>2019-07-09T12:11:46</date>
  <millis>1562663506951</millis>
  <sequence>22</sequence>
  <level>INFO</level>
  <class>com.kms.katalon.core.logging.XmlKeywordLogger</class>
  <method>logMessage</method>
  <thread>1</thread>
  <message>Experience_Env = 2_Experience_Env</message>
  <nestedLevel>2</nestedLevel>
</record>
<record>
  <date>2019-07-09T12:11:46</date>
  <millis>1562663506951</millis>
  <sequence>23</sequence>
  <level>INFO</level>
  <class>com.kms.katalon.core.logging.XmlKeywordLogger</class>
  <method>logMessage</method>
  <thread>1</thread>
  <message>Custom_Env = 3_Custom_Env</message>
  <nestedLevel>2</nestedLevel>
</record>
<record>
  <date>2019-07-09T12:11:47</date>
  <millis>1562663507145</millis>
  <sequence>24</sequence>
  <level>START</level>
  <class>com.kms.katalon.core.logging.XmlKeywordLogger</class>
  <method>startKeyword</method>
  <thread>1</thread>
  <message>Start action : callTestCase(findTestCase(\&amp;quot;Sysadmin Login Page/login_Simple\&amp;quot;), [:], STOP_ON_FAILURE)</message>
  <nestedLevel>1</nestedLevel>
  <property name="startLine">23</property>
  <property name="stepIndex">1</property>
</record>
<record>
  <date>2019-07-09T12:11:47</date>
  <millis>1562663507208</millis>
  <sequence>27</sequence>
  <level>START</level>
  <class>com.kms.katalon.core.logging.XmlKeywordLogger</class>
  <method>startTest</method>
  <thread>1</thread>
  <message>Start Test Case : Test Cases/Sysadmin Login Page/login_Simple</message>
  <nestedLevel>3</nestedLevel>
  <property name="name">Test Cases/Sysadmin Login Page/login_Simple</property>
  <property name="description"></property>
  <property name="id">Test Cases/Sysadmin Login Page/login_Simple</property>
  <property name="source">C:\\Katalon Projects\\Nido_Patch3\\Test Cases\\Sysadmin Login Page\\login_Simple.tc</property>
  <property name="tag"></property>
  <property name="isOptional">false</property>
</record>
<record>
  <date>2019-07-09T12:11:47</date>
  <millis>1562663507375</millis>
  <sequence>29</sequence>
  <level>START</level>
  <class>com.kms.katalon.core.logging.XmlKeywordLogger</class>
  <method>startKeyword</method>
  <thread>1</thread>
  <message>Start action : openBrowser(url_sysadmin, CONTINUE_ON_FAILURE)</message>
  <nestedLevel>1</nestedLevel>
  <property name="startLine">22</property>
  <property name="stepIndex">1</property>
</record>
<record>
  <date>2019-07-09T12:11:47</date>
  <millis>1562663507517</millis>
  <sequence>31</sequence>
  <level>INFO</level>
  <class>com.kms.katalon.core.logging.XmlKeywordLogger</class>
  <method>logMessage</method>
  <thread>1</thread>
  <message>Starting &amp;apos;Chrome&amp;apos; driver</message>
  <nestedLevel>3</nestedLevel>
</record>
<record>
  <date>2019-07-09T12:11:47</date>
  <millis>1562663507539</millis>
  <sequence>33</sequence>
  <level>INFO</level>
  <class>com.kms.katalon.core.logging.XmlKeywordLogger</class>
  <method>logMessage</method>
  <thread>1</thread>
  <message>Action delay is set to 0 seconds</message>
  <nestedLevel>3</nestedLevel>
</record>
<record>
  <date>2019-07-09T12:11:50</date>
  <millis>1562663510226</millis>
  <sequence>35</sequence>
  <level>RUN_DATA</level>
  <class>com.kms.katalon.core.logging.XmlKeywordLogger</class>
  <method>logMessage</method>
  <thread>1</thread>
  <message>sessionId = 0a199ef867a4c18bd2b69ebf2dc4982a</message>
  <nestedLevel>3</nestedLevel>
  <property name="sessionId">0a199ef867a4c18bd2b69ebf2dc4982a</property>
</record>
<record>
  <date>2019-07-09T12:11:50</date>
  <millis>1562663510256</millis>
  <sequence>36</sequence>
  <level>RUN_DATA</level>
  <class>com.kms.katalon.core.logging.XmlKeywordLogger</class>
  <method>logMessage</method>
  <thread>1</thread>
  <message>browser = Chrome 75.0.3770.100</message>
  <nestedLevel>3</nestedLevel>
  <property name="browser">Chrome 75.0.3770.100</property>
</record>
<record>
  <date>2019-07-09T12:11:50</date>
  <millis>1562663510256</millis>
  <sequence>37</sequence>
  <level>RUN_DATA</level>
  <class>com.kms.katalon.core.logging.XmlKeywordLogger</class>
  <method>logMessage</method>
  <thread>1</thread>
  <message>platform = Windows 10</message>
  <nestedLevel>3</nestedLevel>
  <property name="platform">Windows 10</property>
</record>
<record>
  <date>2019-07-09T12:11:50</date>
  <millis>1562663510257</millis>
  <sequence>38</sequence>
  <level>RUN_DATA</level>
  <class>com.kms.katalon.core.logging.XmlKeywordLogger</class>
  <method>logMessage</method>
  <thread>1</thread>
  <message>seleniumVersion = 3.141.59</message>
  <nestedLevel>3</nestedLevel>
  <property name="seleniumVersion">3.141.59</property>
</record>
<record>
  <date>2019-07-09T12:11:50</date>
  <millis>1562663510258</millis>
  <sequence>39</sequence>
  <level>RUN_DATA</level>
  <class>com.kms.katalon.core.logging.XmlKeywordLogger</class>
  <method>logMessage</method>
  <thread>1</thread>
  <message>proxyInformation = ProxyInformation{proxyOption=NO_PROXY, proxyServerType=HTTP, password=, proxyServerAddress=, proxyServerPort=0}</message>
  <nestedLevel>3</nestedLevel>
  <property name="proxyInformation">ProxyInformation{proxyOption=NO_PROXY, proxyServerType=HTTP, password=, proxyServerAddress=, proxyServerPort=0}</property>
</record>
<record>
  <date>2019-07-09T12:11:50</date>
  <millis>1562663510420</millis>
  <sequence>41</sequence>
  <level>PASSED</level>
  <class>com.kms.katalon.core.logging.XmlKeywordLogger</class>
  <method>logMessage</method>
  <thread>1</thread>
  <message>Browser is opened with url: &amp;apos;http://192.168.1.55:8095/&amp;apos;</message>
  <nestedLevel>3</nestedLevel>
</record>
<record>
  <date>2019-07-09T12:11:50</date>
  <millis>1562663510421</millis>
  <sequence>42</sequence>
  <level>END</level>
  <class>com.kms.katalon.core.logging.XmlKeywordLogger</class>
  <method>endKeyword</method>
  <thread>1</thread>
  <message>End action : openBrowser(url_sysadmin, CONTINUE_ON_FAILURE)</message>
  <nestedLevel>1</nestedLevel>
</record>
<record>
  <date>2019-07-09T12:11:50</date>
  <millis>1562663510422</millis>
  <sequence>43</sequence>
  <level>START</level>
  <class>com.kms.katalon.core.logging.XmlKeywordLogger</class>
  <method>startKeyword</method>
  <thread>1</thread>
  <message>Start action : maximizeWindow(CONTINUE_ON_FAILURE)</message>
  <nestedLevel>1</nestedLevel>
  <property name="startLine">24</property>
  <property name="stepIndex">2</property>
</record>
<record>
  <date>2019-07-09T12:11:51</date>
  <millis>1562663511591</millis>
  <sequence>45</sequence>
  <level>PASSED</level>
  <class>com.kms.katalon.core.logging.XmlKeywordLogger</class>
  <method>logMessage</method>
  <thread>1</thread>
  <message>Current window maximized</message>
  <nestedLevel>3</nestedLevel>
</record>
<record>
  <date>2019-07-09T12:11:51</date>
  <millis>1562663511591</millis>
  <sequence>46</sequence>
  <level>END</level>
  <class>com.kms.katalon.core.logging.XmlKeywordLogger</class>
  <method>endKeyword</method>
  <thread>1</thread>
  <message>End action : maximizeWindow(CONTINUE_ON_FAILURE)</message>
  <nestedLevel>1</nestedLevel>
</record>
<record>
  <date>2019-07-09T12:11:51</date>
  <millis>1562663511592</millis>
  <sequence>47</sequence>
  <level>START</level>
  <class>com.kms.katalon.core.logging.XmlKeywordLogger</class>
  <method>startKeyword</method>
  <thread>1</thread>
  <message>Start action : setText(findTestObject(\&amp;quot;Sysadmin Login Page/input_userName\&amp;quot;), \&amp;quot;sysadmin\&amp;quot;, CONTINUE_ON_FAILURE)</message>
  <nestedLevel>1</nestedLevel>
  <property name="startLine">26</property>
  <property name="stepIndex">3</property>
</record>
<record>
  <date>2019-07-09T12:11:51</date>
  <millis>1562663511746</millis>
  <sequence>56</sequence>
  <level>PASSED</level>
  <class>com.kms.katalon.core.logging.XmlKeywordLogger</class>
  <method>logMessage</method>
  <thread>1</thread>
  <message>Text &amp;apos;sysadmin&amp;apos; is set on object &amp;apos;Object Repository/Sysadmin Login Page/input_userName&amp;apos;</message>
  <nestedLevel>3</nestedLevel>
</record>
<record>
  <date>2019-07-09T12:11:51</date>
  <millis>1562663511747</millis>
  <sequence>57</sequence>
  <level>END</level>
  <class>com.kms.katalon.core.logging.XmlKeywordLogger</class>
  <method>endKeyword</method>
  <thread>1</thread>
  <message>End action : setText(findTestObject(\&amp;quot;Sysadmin Login Page/input_userName\&amp;quot;), \&amp;quot;sysadmin\&amp;quot;, CONTINUE_ON_FAILURE)</message>
  <nestedLevel>1</nestedLevel>
</record>
<record>
  <date>2019-07-09T12:11:51</date>
  <millis>1562663511747</millis>
  <sequence>58</sequence>
  <level>START</level>
  <class>com.kms.katalon.core.logging.XmlKeywordLogger</class>
  <method>startKeyword</method>
  <thread>1</thread>
  <message>Start action : setText(findTestObject(\&amp;quot;Sysadmin Login Page/input_password\&amp;quot;), \&amp;quot;sysadmin\&amp;quot;, CONTINUE_ON_FAILURE)</message>
  <nestedLevel>1</nestedLevel>
  <property name="startLine">28</property>
  <property name="stepIndex">4</property>
</record>
<record>
  <date>2019-07-09T12:11:51</date>
  <millis>1562663511845</millis>
  <sequence>67</sequence>
  <level>PASSED</level>
  <class>com.kms.katalon.core.logging.XmlKeywordLogger</class>
  <method>logMessage</method>
  <thread>1</thread>
  <message>Text &amp;apos;sysadmin&amp;apos; is set on object &amp;apos;Object Repository/Sysadmin Login Page/input_password&amp;apos;</message>
  <nestedLevel>3</nestedLevel>
</record>
<record>
  <date>2019-07-09T12:11:51</date>
  <millis>1562663511846</millis>
  <sequence>68</sequence>
  <level>END</level>
  <class>com.kms.katalon.core.logging.XmlKeywordLogger</class>
  <method>endKeyword</method>
  <thread>1</thread>
  <message>End action : setText(findTestObject(\&amp;quot;Sysadmin Login Page/input_password\&amp;quot;), \&amp;quot;sysadmin\&amp;quot;, CONTINUE_ON_FAILURE)</message>
  <nestedLevel>1</nestedLevel>
</record>
<record>
  <date>2019-07-09T12:11:51</date>
  <millis>1562663511846</millis>
  <sequence>69</sequence>
  <level>START</level>
  <class>com.kms.katalon.core.logging.XmlKeywordLogger</class>
  <method>startKeyword</method>
  <thread>1</thread>
  <message>Start action : click(findTestObject(\&amp;quot;Sysadmin Login Page/button_Sign in\&amp;quot;), CONTINUE_ON_FAILURE)</message>
  <nestedLevel>1</nestedLevel>
  <property name="startLine">30</property>
  <property name="stepIndex">5</property>
</record>
<record>
  <date>2019-07-09T12:11:51</date>
  <millis>1562663511944</millis>
  <sequence>76</sequence>
  <level>PASSED</level>
  <class>com.kms.katalon.core.logging.XmlKeywordLogger</class>
  <method>logMessage</method>
  <thread>1</thread>
  <message>Object: &amp;apos;Object Repository/Sysadmin Login Page/button_Sign in&amp;apos; is clicked on</message>
  <nestedLevel>3</nestedLevel>
</record>
<record>
  <date>2019-07-09T12:11:51</date>
  <millis>1562663511944</millis>
  <sequence>77</sequence>
  <level>END</level>
  <class>com.kms.katalon.core.logging.XmlKeywordLogger</class>
  <method>endKeyword</method>
  <thread>1</thread>
  <message>End action : click(findTestObject(\&amp;quot;Sysadmin Login Page/button_Sign in\&amp;quot;), CONTINUE_ON_FAILURE)</message>
  <nestedLevel>1</nestedLevel>
</record>
<record>
  <date>2019-07-09T12:11:51</date>
  <millis>1562663511944</millis>
  <sequence>78</sequence>
  <level>START</level>
  <class>com.kms.katalon.core.logging.XmlKeywordLogger</class>
  <method>startKeyword</method>
  <thread>1</thread>
  <message>Start action : if (verifyElementVisible(findTestObject(\&amp;quot;Sysadmin Login Page/Change_Password_Window/Textbox_Confirm_Password\&amp;quot;), OPTIONAL))</message>
  <nestedLevel>1</nestedLevel>
  <property name="startLine">32</property>
  <property name="stepIndex">6</property>
</record>
<record>
  <date>2019-07-09T12:11:52</date>
  <millis>1562663512503</millis>
  <sequence>84</sequence>
  <level>PASSED</level>
  <class>com.kms.katalon.core.logging.XmlKeywordLogger</class>
  <method>logMessage</method>
  <thread>1</thread>
  <message>Object &amp;apos;Object Repository/Sysadmin Login Page/Change_Password_Window/Textbox_Confirm_Password&amp;apos; is visible</message>
  <nestedLevel>3</nestedLevel>
</record>
<record>
  <date>2019-07-09T12:11:52</date>
  <millis>1562663512503</millis>
  <sequence>85</sequence>
  <level>START</level>
  <class>com.kms.katalon.core.logging.XmlKeywordLogger</class>
  <method>startKeyword</method>
  <thread>1</thread>
  <message>Start action : verifyElementText(findTestObject(\&amp;quot;Sysadmin Login Page/Change_Password_Window/Change_Password_Title\&amp;quot;), \&amp;quot;Please change password\&amp;quot;, CONTINUE_ON_FAILURE)</message>
  <nestedLevel>2</nestedLevel>
  <property name="startLine">33</property>
  <property name="stepIndex">1</property>
</record>
<record>
  <date>2019-07-09T12:11:52</date>
  <millis>1562663512540</millis>
  <sequence>91</sequence>
  <level>PASSED</level>
  <class>com.kms.katalon.core.logging.XmlKeywordLogger</class>
  <method>logMessage</method>
  <thread>1</thread>
  <message>Actual text and expected text of test object &amp;apos;Object Repository/Sysadmin Login Page/Change_Password_Window/Change_Password_Title&amp;apos; are matched.</message>
  <nestedLevel>3</nestedLevel>
</record>
<record>
  <date>2019-07-09T12:11:52</date>
  <millis>1562663512541</millis>
  <sequence>92</sequence>
  <level>END</level>
  <class>com.kms.katalon.core.logging.XmlKeywordLogger</class>
  <method>endKeyword</method>
  <thread>1</thread>
  <message>End action : verifyElementText(findTestObject(\&amp;quot;Sysadmin Login Page/Change_Password_Window/Change_Password_Title\&amp;quot;), \&amp;quot;Please change password\&amp;quot;, CONTINUE_ON_FAILURE)</message>
  <nestedLevel>2</nestedLevel>
</record>
<record>
  <date>2019-07-09T12:11:52</date>
  <millis>1562663512541</millis>
  <sequence>93</sequence>
  <level>START</level>
  <class>com.kms.katalon.core.logging.XmlKeywordLogger</class>
  <method>startKeyword</method>
  <thread>1</thread>
  <message>Start action : verifyElementText(findTestObject(\&amp;quot;Sysadmin Login Page/Change_Password_Window/Confirm_Pass_Text\&amp;quot;), \&amp;quot;Confirm Password\&amp;quot;, CONTINUE_ON_FAILURE)</message>
  <nestedLevel>2</nestedLevel>
  <property name="startLine">36</property>
  <property name="stepIndex">2</property>
</record>
<record>
  <date>2019-07-09T12:11:52</date>
  <millis>1562663512575</millis>
  <sequence>99</sequence>
  <level>PASSED</level>
  <class>com.kms.katalon.core.logging.XmlKeywordLogger</class>
  <method>logMessage</method>
  <thread>1</thread>
  <message>Actual text and expected text of test object &amp;apos;Object Repository/Sysadmin Login Page/Change_Password_Window/Confirm_Pass_Text&amp;apos; are matched.</message>
  <nestedLevel>3</nestedLevel>
</record>
<record>
  <date>2019-07-09T12:11:52</date>
  <millis>1562663512576</millis>
  <sequence>100</sequence>
  <level>END</level>
  <class>com.kms.katalon.core.logging.XmlKeywordLogger</class>
  <method>endKeyword</method>
  <thread>1</thread>
  <message>End action : verifyElementText(findTestObject(\&amp;quot;Sysadmin Login Page/Change_Password_Window/Confirm_Pass_Text\&amp;quot;), \&amp;quot;Confirm Password\&amp;quot;, CONTINUE_ON_FAILURE)</message>
  <nestedLevel>2</nestedLevel>
</record>
<record>
  <date>2019-07-09T12:11:52</date>
  <millis>1562663512576</millis>
  <sequence>101</sequence>
  <level>START</level>
  <class>com.kms.katalon.core.logging.XmlKeywordLogger</class>
  <method>startKeyword</method>
  <thread>1</thread>
  <message>Start action : verifyElementText(findTestObject(\&amp;quot;Sysadmin Login Page/Change_Password_Window/New_Pass_Text\&amp;quot;), \&amp;quot;New Password\&amp;quot;, CONTINUE_ON_FAILURE)</message>
  <nestedLevel>2</nestedLevel>
  <property name="startLine">39</property>
  <property name="stepIndex">3</property>
</record>
<record>
  <date>2019-07-09T12:11:52</date>
  <millis>1562663512609</millis>
  <sequence>107</sequence>
  <level>PASSED</level>
  <class>com.kms.katalon.core.logging.XmlKeywordLogger</class>
  <method>logMessage</method>
  <thread>1</thread>
  <message>Actual text and expected text of test object &amp;apos;Object Repository/Sysadmin Login Page/Change_Password_Window/New_Pass_Text&amp;apos; are matched.</message>
  <nestedLevel>3</nestedLevel>
</record>
<record>
  <date>2019-07-09T12:11:52</date>
  <millis>1562663512610</millis>
  <sequence>108</sequence>
  <level>END</level>
  <class>com.kms.katalon.core.logging.XmlKeywordLogger</class>
  <method>endKeyword</method>
  <thread>1</thread>
  <message>End action : verifyElementText(findTestObject(\&amp;quot;Sysadmin Login Page/Change_Password_Window/New_Pass_Text\&amp;quot;), \&amp;quot;New Password\&amp;quot;, CONTINUE_ON_FAILURE)</message>
  <nestedLevel>2</nestedLevel>
</record>
<record>
  <date>2019-07-09T12:11:52</date>
  <millis>1562663512610</millis>
  <sequence>109</sequence>
  <level>START</level>
  <class>com.kms.katalon.core.logging.XmlKeywordLogger</class>
  <method>startKeyword</method>
  <thread>1</thread>
  <message>Start action : verifyElementText(findTestObject(\&amp;quot;Sysadmin Login Page/Change_Password_Window/Old_Pass_Text\&amp;quot;), \&amp;quot;Old Password\&amp;quot;, CONTINUE_ON_FAILURE)</message>
  <nestedLevel>2</nestedLevel>
  <property name="startLine">42</property>
  <property name="stepIndex">4</property>
</record>
<record>
  <date>2019-07-09T12:11:52</date>
  <millis>1562663512643</millis>
  <sequence>115</sequence>
  <level>PASSED</level>
  <class>com.kms.katalon.core.logging.XmlKeywordLogger</class>
  <method>logMessage</method>
  <thread>1</thread>
  <message>Actual text and expected text of test object &amp;apos;Object Repository/Sysadmin Login Page/Change_Password_Window/Old_Pass_Text&amp;apos; are matched.</message>
  <nestedLevel>3</nestedLevel>
</record>
<record>
  <date>2019-07-09T12:11:52</date>
  <millis>1562663512644</millis>
  <sequence>116</sequence>
  <level>END</level>
  <class>com.kms.katalon.core.logging.XmlKeywordLogger</class>
  <method>endKeyword</method>
  <thread>1</thread>
  <message>End action : verifyElementText(findTestObject(\&amp;quot;Sysadmin Login Page/Change_Password_Window/Old_Pass_Text\&amp;quot;), \&amp;quot;Old Password\&amp;quot;, CONTINUE_ON_FAILURE)</message>
  <nestedLevel>2</nestedLevel>
</record>
<record>
  <date>2019-07-09T12:11:52</date>
  <millis>1562663512644</millis>
  <sequence>117</sequence>
  <level>START</level>
  <class>com.kms.katalon.core.logging.XmlKeywordLogger</class>
  <method>startKeyword</method>
  <thread>1</thread>
  <message>Start action : verifyElementText(findTestObject(\&amp;quot;Sysadmin Login Page/Change_Password_Window/Button_OK\&amp;quot;), \&amp;quot;OK\&amp;quot;, CONTINUE_ON_FAILURE)</message>
  <nestedLevel>2</nestedLevel>
  <property name="startLine">45</property>
  <property name="stepIndex">5</property>
</record>
<record>
  <date>2019-07-09T12:11:52</date>
  <millis>1562663512675</millis>
  <sequence>123</sequence>
  <level>PASSED</level>
  <class>com.kms.katalon.core.logging.XmlKeywordLogger</class>
  <method>logMessage</method>
  <thread>1</thread>
  <message>Actual text and expected text of test object &amp;apos;Object Repository/Sysadmin Login Page/Change_Password_Window/Button_OK&amp;apos; are matched.</message>
  <nestedLevel>3</nestedLevel>
</record>
<record>
  <date>2019-07-09T12:11:52</date>
  <millis>1562663512676</millis>
  <sequence>124</sequence>
  <level>END</level>
  <class>com.kms.katalon.core.logging.XmlKeywordLogger</class>
  <method>endKeyword</method>
  <thread>1</thread>
  <message>End action : verifyElementText(findTestObject(\&amp;quot;Sysadmin Login Page/Change_Password_Window/Button_OK\&amp;quot;), \&amp;quot;OK\&amp;quot;, CONTINUE_ON_FAILURE)</message>
  <nestedLevel>2</nestedLevel>
</record>
<record>
  <date>2019-07-09T12:11:52</date>
  <millis>1562663512676</millis>
  <sequence>125</sequence>
  <level>START</level>
  <class>com.kms.katalon.core.logging.XmlKeywordLogger</class>
  <method>startKeyword</method>
  <thread>1</thread>
  <message>Start action : verifyElementText(findTestObject(\&amp;quot;Sysadmin Login Page/Change_Password_Window/Button_Close\&amp;quot;), \&amp;quot;Close\&amp;quot;, CONTINUE_ON_FAILURE)</message>
  <nestedLevel>2</nestedLevel>
  <property name="startLine">47</property>
  <property name="stepIndex">6</property>
</record>
<record>
  <date>2019-07-09T12:11:52</date>
  <millis>1562663512709</millis>
  <sequence>131</sequence>
  <level>PASSED</level>
  <class>com.kms.katalon.core.logging.XmlKeywordLogger</class>
  <method>logMessage</method>
  <thread>1</thread>
  <message>Actual text and expected text of test object &amp;apos;Object Repository/Sysadmin Login Page/Change_Password_Window/Button_Close&amp;apos; are matched.</message>
  <nestedLevel>3</nestedLevel>
</record>
<record>
  <date>2019-07-09T12:11:52</date>
  <millis>1562663512709</millis>
  <sequence>132</sequence>
  <level>END</level>
  <class>com.kms.katalon.core.logging.XmlKeywordLogger</class>
  <method>endKeyword</method>
  <thread>1</thread>
  <message>End action : verifyElementText(findTestObject(\&amp;quot;Sysadmin Login Page/Change_Password_Window/Button_Close\&amp;quot;), \&amp;quot;Close\&amp;quot;, CONTINUE_ON_FAILURE)</message>
  <nestedLevel>2</nestedLevel>
</record>
<record>
  <date>2019-07-09T12:11:52</date>
  <millis>1562663512709</millis>
  <sequence>133</sequence>
  <level>START</level>
  <class>com.kms.katalon.core.logging.XmlKeywordLogger</class>
  <method>startKeyword</method>
  <thread>1</thread>
  <message>Start action : verifyElementClickable(findTestObject(\&amp;quot;Sysadmin Login Page/Change_Password_Window/Button_Close\&amp;quot;), CONTINUE_ON_FAILURE)</message>
  <nestedLevel>2</nestedLevel>
  <property name="startLine">49</property>
  <property name="stepIndex">7</property>
</record>
<record>
  <date>2019-07-09T12:11:52</date>
  <millis>1562663512740</millis>
  <sequence>139</sequence>
  <level>PASSED</level>
  <class>com.kms.katalon.core.logging.XmlKeywordLogger</class>
  <method>logMessage</method>
  <thread>1</thread>
  <message>Object &amp;apos;Object Repository/Sysadmin Login Page/Change_Password_Window/Button_Close&amp;apos; is clickable</message>
  <nestedLevel>3</nestedLevel>
</record>
<record>
  <date>2019-07-09T12:11:52</date>
  <millis>1562663512741</millis>
  <sequence>140</sequence>
  <level>END</level>
  <class>com.kms.katalon.core.logging.XmlKeywordLogger</class>
  <method>endKeyword</method>
  <thread>1</thread>
  <message>End action : verifyElementClickable(findTestObject(\&amp;quot;Sysadmin Login Page/Change_Password_Window/Button_Close\&amp;quot;), CONTINUE_ON_FAILURE)</message>
  <nestedLevel>2</nestedLevel>
</record>
<record>
  <date>2019-07-09T12:11:52</date>
  <millis>1562663512741</millis>
  <sequence>141</sequence>
  <level>START</level>
  <class>com.kms.katalon.core.logging.XmlKeywordLogger</class>
  <method>startKeyword</method>
  <thread>1</thread>
  <message>Start action : setText(findTestObject(\&amp;quot;Sysadmin Login Page/Change_Password_Window/Textbox_Old_Pass\&amp;quot;), \&amp;quot;sysadmin\&amp;quot;, CONTINUE_ON_FAILURE)</message>
  <nestedLevel>2</nestedLevel>
  <property name="startLine">51</property>
  <property name="stepIndex">8</property>
</record>
<record>
  <date>2019-07-09T12:11:52</date>
  <millis>1562663512846</millis>
  <sequence>150</sequence>
  <level>PASSED</level>
  <class>com.kms.katalon.core.logging.XmlKeywordLogger</class>
  <method>logMessage</method>
  <thread>1</thread>
  <message>Text &amp;apos;sysadmin&amp;apos; is set on object &amp;apos;Object Repository/Sysadmin Login Page/Change_Password_Window/Textbox_Old_Pass&amp;apos;</message>
  <nestedLevel>3</nestedLevel>
</record>
<record>
  <date>2019-07-09T12:11:52</date>
  <millis>1562663512846</millis>
  <sequence>151</sequence>
  <level>END</level>
  <class>com.kms.katalon.core.logging.XmlKeywordLogger</class>
  <method>endKeyword</method>
  <thread>1</thread>
  <message>End action : setText(findTestObject(\&amp;quot;Sysadmin Login Page/Change_Password_Window/Textbox_Old_Pass\&amp;quot;), \&amp;quot;sysadmin\&amp;quot;, CONTINUE_ON_FAILURE)</message>
  <nestedLevel>2</nestedLevel>
</record>
<record>
  <date>2019-07-09T12:11:52</date>
  <millis>1562663512846</millis>
  <sequence>152</sequence>
  <level>START</level>
  <class>com.kms.katalon.core.logging.XmlKeywordLogger</class>
  <method>startKeyword</method>
  <thread>1</thread>
  <message>Start action : setText(findTestObject(\&amp;quot;Sysadmin Login Page/Change_Password_Window/Textbox_New_Pass\&amp;quot;), \&amp;quot;sysadmin\&amp;quot;, CONTINUE_ON_FAILURE)</message>
  <nestedLevel>2</nestedLevel>
  <property name="startLine">53</property>
  <property name="stepIndex">9</property>
</record>
<record>
  <date>2019-07-09T12:11:53</date>
  <millis>1562663513027</millis>
  <sequence>161</sequence>
  <level>PASSED</level>
  <class>com.kms.katalon.core.logging.XmlKeywordLogger</class>
  <method>logMessage</method>
  <thread>1</thread>
  <message>Text &amp;apos;sysadmin&amp;apos; is set on object &amp;apos;Object Repository/Sysadmin Login Page/Change_Password_Window/Textbox_New_Pass&amp;apos;</message>
  <nestedLevel>3</nestedLevel>
</record>
<record>
  <date>2019-07-09T12:11:53</date>
  <millis>1562663513028</millis>
  <sequence>162</sequence>
  <level>END</level>
  <class>com.kms.katalon.core.logging.XmlKeywordLogger</class>
  <method>endKeyword</method>
  <thread>1</thread>
  <message>End action : setText(findTestObject(\&amp;quot;Sysadmin Login Page/Change_Password_Window/Textbox_New_Pass\&amp;quot;), \&amp;quot;sysadmin\&amp;quot;, CONTINUE_ON_FAILURE)</message>
  <nestedLevel>2</nestedLevel>
</record>
<record>
  <date>2019-07-09T12:11:53</date>
  <millis>1562663513028</millis>
  <sequence>163</sequence>
  <level>START</level>
  <class>com.kms.katalon.core.logging.XmlKeywordLogger</class>
  <method>startKeyword</method>
  <thread>1</thread>
  <message>Start action : setText(findTestObject(\&amp;quot;Sysadmin Login Page/Change_Password_Window/Textbox_Confirm_Password\&amp;quot;), \&amp;quot;sysadmin\&amp;quot;, CONTINUE_ON_FAILURE)</message>
  <nestedLevel>2</nestedLevel>
  <property name="startLine">55</property>
  <property name="stepIndex">10</property>
</record>
<record>
  <date>2019-07-09T12:11:53</date>
  <millis>1562663513196</millis>
  <sequence>172</sequence>
  <level>PASSED</level>
  <class>com.kms.katalon.core.logging.XmlKeywordLogger</class>
  <method>logMessage</method>
  <thread>1</thread>
  <message>Text &amp;apos;sysadmin&amp;apos; is set on object &amp;apos;Object Repository/Sysadmin Login Page/Change_Password_Window/Textbox_Confirm_Password&amp;apos;</message>
  <nestedLevel>3</nestedLevel>
</record>
<record>
  <date>2019-07-09T12:11:53</date>
  <millis>1562663513197</millis>
  <sequence>173</sequence>
  <level>END</level>
  <class>com.kms.katalon.core.logging.XmlKeywordLogger</class>
  <method>endKeyword</method>
  <thread>1</thread>
  <message>End action : setText(findTestObject(\&amp;quot;Sysadmin Login Page/Change_Password_Window/Textbox_Confirm_Password\&amp;quot;), \&amp;quot;sysadmin\&amp;quot;, CONTINUE_ON_FAILURE)</message>
  <nestedLevel>2</nestedLevel>
</record>
<record>
  <date>2019-07-09T12:11:53</date>
  <millis>1562663513197</millis>
  <sequence>174</sequence>
  <level>START</level>
  <class>com.kms.katalon.core.logging.XmlKeywordLogger</class>
  <method>startKeyword</method>
  <thread>1</thread>
  <message>Start action : setText(findTestObject(\&amp;quot;Sysadmin Login Page/Change_Password_Window/set_email\&amp;quot;), Email_Admin, CONTINUE_ON_FAILURE)</message>
  <nestedLevel>2</nestedLevel>
  <property name="startLine">57</property>
  <property name="stepIndex">11</property>
</record>
<record>
  <date>2019-07-09T12:11:53</date>
  <millis>1562663513493</millis>
  <sequence>183</sequence>
  <level>PASSED</level>
  <class>com.kms.katalon.core.logging.XmlKeywordLogger</class>
  <method>logMessage</method>
  <thread>1</thread>
  <message>Text &amp;apos;bogdan.eremia@ecrion.com&amp;apos; is set on object &amp;apos;Object Repository/Sysadmin Login Page/Change_Password_Window/set_email&amp;apos;</message>
  <nestedLevel>3</nestedLevel>
</record>
<record>
  <date>2019-07-09T12:11:53</date>
  <millis>1562663513493</millis>
  <sequence>184</sequence>
  <level>END</level>
  <class>com.kms.katalon.core.logging.XmlKeywordLogger</class>
  <method>endKeyword</method>
  <thread>1</thread>
  <message>End action : setText(findTestObject(\&amp;quot;Sysadmin Login Page/Change_Password_Window/set_email\&amp;quot;), Email_Admin, CONTINUE_ON_FAILURE)</message>
  <nestedLevel>2</nestedLevel>
</record>
<record>
  <date>2019-07-09T12:11:53</date>
  <millis>1562663513493</millis>
  <sequence>185</sequence>
  <level>START</level>
  <class>com.kms.katalon.core.logging.XmlKeywordLogger</class>
  <method>startKeyword</method>
  <thread>1</thread>
  <message>Start action : click(findTestObject(\&amp;quot;Sysadmin Login Page/Change_Password_Window/Button_OK\&amp;quot;), CONTINUE_ON_FAILURE)</message>
  <nestedLevel>2</nestedLevel>
  <property name="startLine">59</property>
  <property name="stepIndex">12</property>
</record>
<record>
  <date>2019-07-09T12:11:53</date>
  <millis>1562663513580</millis>
  <sequence>192</sequence>
  <level>PASSED</level>
  <class>com.kms.katalon.core.logging.XmlKeywordLogger</class>
  <method>logMessage</method>
  <thread>1</thread>
  <message>Object: &amp;apos;Object Repository/Sysadmin Login Page/Change_Password_Window/Button_OK&amp;apos; is clicked on</message>
  <nestedLevel>3</nestedLevel>
</record>
<record>
  <date>2019-07-09T12:11:53</date>
  <millis>1562663513581</millis>
  <sequence>193</sequence>
  <level>END</level>
  <class>com.kms.katalon.core.logging.XmlKeywordLogger</class>
  <method>endKeyword</method>
  <thread>1</thread>
  <message>End action : click(findTestObject(\&amp;quot;Sysadmin Login Page/Change_Password_Window/Button_OK\&amp;quot;), CONTINUE_ON_FAILURE)</message>
  <nestedLevel>2</nestedLevel>
</record>
<record>
  <date>2019-07-09T12:11:53</date>
  <millis>1562663513581</millis>
  <sequence>194</sequence>
  <level>END</level>
  <class>com.kms.katalon.core.logging.XmlKeywordLogger</class>
  <method>endKeyword</method>
  <thread>1</thread>
  <message>End action : if (verifyElementVisible(findTestObject(\&amp;quot;Sysadmin Login Page/Change_Password_Window/Textbox_Confirm_Password\&amp;quot;), OPTIONAL))</message>
  <nestedLevel>1</nestedLevel>
</record>
<record>
  <date>2019-07-09T12:11:53</date>
  <millis>1562663513581</millis>
  <sequence>195</sequence>
  <level>START</level>
  <class>com.kms.katalon.core.logging.XmlKeywordLogger</class>
  <method>startKeyword</method>
  <thread>1</thread>
  <message>Start action : waitForElementVisible(findTestObject(\&amp;quot;Sysadmin Login Page/Environments card\&amp;quot;), 5, CONTINUE_ON_FAILURE)</message>
  <nestedLevel>1</nestedLevel>
  <property name="startLine">62</property>
  <property name="stepIndex">7</property>
</record>
<record>
  <date>2019-07-09T12:11:54</date>
  <millis>1562663514675</millis>
  <sequence>202</sequence>
  <level>PASSED</level>
  <class>com.kms.katalon.core.logging.XmlKeywordLogger</class>
  <method>logMessage</method>
  <thread>1</thread>
  <message>Object &amp;apos;Object Repository/Sysadmin Login Page/Environments card&amp;apos; is visible</message>
  <nestedLevel>3</nestedLevel>
</record>
<record>
  <date>2019-07-09T12:11:54</date>
  <millis>1562663514675</millis>
  <sequence>203</sequence>
  <level>END</level>
  <class>com.kms.katalon.core.logging.XmlKeywordLogger</class>
  <method>endKeyword</method>
  <thread>1</thread>
  <message>End action : waitForElementVisible(findTestObject(\&amp;quot;Sysadmin Login Page/Environments card\&amp;quot;), 5, CONTINUE_ON_FAILURE)</message>
  <nestedLevel>1</nestedLevel>
</record>
<record>
  <date>2019-07-09T12:11:54</date>
  <millis>1562663514675</millis>
  <sequence>204</sequence>
  <level>PASSED</level>
  <class>com.kms.katalon.core.logging.XmlKeywordLogger</class>
  <method>logMessage</method>
  <thread>1</thread>
  <message>Test Cases/Sysadmin Login Page/login_Simple</message>
  <nestedLevel>3</nestedLevel>
</record>
<record>
  <date>2019-07-09T12:11:54</date>
  <millis>1562663514675</millis>
  <sequence>205</sequence>
  <level>END</level>
  <class>com.kms.katalon.core.logging.XmlKeywordLogger</class>
  <method>endTest</method>
  <thread>1</thread>
  <message>End Test Case : Test Cases/Sysadmin Login Page/login_Simple</message>
  <nestedLevel>2</nestedLevel>
</record>
<record>
  <date>2019-07-09T12:11:54</date>
  <millis>1562663514678</millis>
  <sequence>206</sequence>
  <level>PASSED</level>
  <class>com.kms.katalon.core.logging.XmlKeywordLogger</class>
  <method>logMessage</method>
  <thread>1</thread>
  <message>Call Test Case &amp;apos;Test Cases/Sysadmin Login Page/login_Simple&amp;apos; successfully</message>
  <nestedLevel>2</nestedLevel>
</record>
<record>
  <date>2019-07-09T12:11:54</date>
  <millis>1562663514679</millis>
  <sequence>207</sequence>
  <level>END</level>
  <class>com.kms.katalon.core.logging.XmlKeywordLogger</class>
  <method>endKeyword</method>
  <thread>1</thread>
  <message>End action : callTestCase(findTestCase(\&amp;quot;Sysadmin Login Page/login_Simple\&amp;quot;), [:], STOP_ON_FAILURE)</message>
  <nestedLevel>1</nestedLevel>
</record>
<record>
  <date>2019-07-09T12:11:54</date>
  <millis>1562663514679</millis>
  <sequence>208</sequence>
  <level>START</level>
  <class>com.kms.katalon.core.logging.XmlKeywordLogger</class>
  <method>startKeyword</method>
  <thread>1</thread>
  <message>Start action : click(findTestObject(\&amp;quot;Sysadmin Portal/a_Environments\&amp;quot;), CONTINUE_ON_FAILURE)</message>
  <nestedLevel>1</nestedLevel>
  <property name="startLine">25</property>
  <property name="stepIndex">2</property>
</record>
<record>
  <date>2019-07-09T12:11:59</date>
  <millis>1562663519872</millis>
  <sequence>213</sequence>
  <level>INFO</level>
  <class>com.kms.katalon.core.logging.XmlKeywordLogger</class>
  <method>logMessage</method>
  <thread>1</thread>
  <message>Unable to find the element located by &amp;apos;By.xpath: //a[@title = &amp;apos;Environments&amp;apos; and @href = &amp;apos;/EOS/Environments&amp;apos; and (text() = &amp;apos;Environments&amp;apos; or . = &amp;apos;Environments&amp;apos;)]&amp;apos;. Please recheck the objects properties to make sure the desired element is located. </message>
  <nestedLevel>2</nestedLevel>
</record>
